<?xml version="1.0" encoding="UTF-8"?>
<!DOCTYPE suite SYSTEM "http://testng.org/testng-1.0.dtd">
<suite name="Monefy App Automation Tests For N26" parallel="methods" thread-count="1">
    <listeners>
        <listener class-name="com.n26.monefy.app.core.utils.TestCaseEventListener" />
    </listeners>
    <test name="Monefy Income and Expense Test">
        <classes>
            <class name="com.n26.monefy.app.scenario.MonefyTest"/>
        </classes>
    </test>
</suite>