<?xml version="1.0" encoding="UTF-8"?>
<!DOCTYPE suite SYSTEM "http://testng.org/testng-1.0.dtd">
<suite name="Pet Store Automation Tests For N26" parallel="methods" thread-count="1">
    <listeners>
        <listener class-name="com.n26.petstore.api.core.utils.TestCaseEventListener" />
    </listeners>
    <test name="Pet Store Feature Test">
        <classes>
            <class name="com.n26.petstore.api.scenario.PetStoreTest"/>
        </classes>
    </test>
</suite>